<?xml version="1.0" encoding="UTF-8"?>
<!-- Generated by org.testng.reporters.JUnitReportReporter -->
<testsuite hostname="DESKTOP-B2UKITH" failures="0" tests="10" name="TestNG.Them_CapNhatKhoaHoc" time="189.980" errors="0" timestamp="2026-03-28T00:39:32 GMT+07:00" skipped="0">
  <testcase classname="TestNG.Them_CapNhatKhoaHoc" name="TC1" time="37.627"/>
  <testcase classname="TestNG.Them_CapNhatKhoaHoc" name="TC1_1" time="18.755"/>
  <testcase classname="TestNG.Them_CapNhatKhoaHoc" name="TC1_2" time="61.850"/>
  <testcase classname="TestNG.Them_CapNhatKhoaHoc" name="TC1_3" time="42.982"/>
  <testcase classname="TestNG.Them_CapNhatKhoaHoc" name="TC1_4" time="4.776"/>
  <testcase classname="TestNG.Them_CapNhatKhoaHoc" name="TC2" time="3.656"/>
  <testcase classname="TestNG.Them_CapNhatKhoaHoc" name="TC3" time="4.215"/>
  <testcase classname="TestNG.Them_CapNhatKhoaHoc" name="TC4" time="12.173"/>
  <testcase classname="TestNG.Them_CapNhatKhoaHoc" name="TC5" time="3.429"/>
  <testcase classname="TestNG.Them_CapNhatKhoaHoc" name="TC_6" time="0.517"/>
</testsuite> <!-- TestNG.Them_CapNhatKhoaHoc -->
