<?xml version="1.0" encoding="UTF-8"?>
<!-- Generated by org.testng.reporters.JUnitReportReporter -->
<testsuite hostname="DESKTOP-B2UKITH" failures="0" tests="8" name="TestNG.Them_CapNhatKhoaHoc" time="100.757" errors="0" timestamp="2026-03-17T03:23:20 GMT+07:00" skipped="0">
  <testcase classname="TestNG.Them_CapNhatKhoaHoc" name="TC1" time="40.515"/>
  <testcase classname="TestNG.Them_CapNhatKhoaHoc" name="TC1_1" time="18.300"/>
  <testcase classname="TestNG.Them_CapNhatKhoaHoc" name="TC1_2" time="18.281"/>
  <testcase classname="TestNG.Them_CapNhatKhoaHoc" name="TC2" time="4.512"/>
  <testcase classname="TestNG.Them_CapNhatKhoaHoc" name="TC3" time="4.164"/>
  <testcase classname="TestNG.Them_CapNhatKhoaHoc" name="TC4" time="11.396"/>
  <testcase classname="TestNG.Them_CapNhatKhoaHoc" name="TC5" time="3.309"/>
  <testcase classname="TestNG.Them_CapNhatKhoaHoc" name="TC_6" time="0.280"/>
</testsuite> <!-- TestNG.Them_CapNhatKhoaHoc -->
