<?xml version="1.0" encoding="UTF-8"?>
<!-- Generated by org.testng.reporters.JUnitReportReporter -->
<testsuite hostname="DESKTOP-B2UKITH" failures="0" tests="5" name="TestNG.Giao_Dien_Hoc_Vien" time="77.004" errors="0" timestamp="2026-03-23T02:50:32 GMT+07:00" skipped="0">
  <testcase classname="TestNG.Giao_Dien_Hoc_Vien" name="TC1" time="53.526"/>
  <testcase classname="TestNG.Giao_Dien_Hoc_Vien" name="TC2" time="0.238"/>
  <testcase classname="TestNG.Giao_Dien_Hoc_Vien" name="TC3" time="0.233"/>
  <testcase classname="TestNG.Giao_Dien_Hoc_Vien" name="TC4" time="1.306"/>
  <testcase classname="TestNG.Giao_Dien_Hoc_Vien" name="TC5" time="21.701"/>
</testsuite> <!-- TestNG.Giao_Dien_Hoc_Vien -->
