<?xml version="1.0" encoding="UTF-8"?>
<!-- Generated by org.testng.reporters.JUnitXMLReporter -->
<testsuite ignored="0" hostname="DESKTOP-B2UKITH" failures="0" tests="5" name="Default test" time="77.645" errors="0" timestamp="2026-03-17T03:26:40 GMT+07:00">
  <testcase classname="TestNG.Giao_Dien_Hoc_Vien" name="TC1" time="52.257"/>
  <testcase classname="TestNG.Giao_Dien_Hoc_Vien" name="TC2" time="0.182"/>
  <testcase classname="TestNG.Giao_Dien_Hoc_Vien" name="TC3" time="0.157"/>
  <testcase classname="TestNG.Giao_Dien_Hoc_Vien" name="TC4" time="1.0"/>
  <testcase classname="TestNG.Giao_Dien_Hoc_Vien" name="TC5" time="21.586"/>
</testsuite> <!-- Default test -->
