<?xml version="1.0" encoding="UTF-8"?>
<!-- Generated by org.testng.reporters.JUnitXMLReporter -->
<testsuite ignored="0" hostname="DESKTOP-B2UKITH" failures="0" tests="5" name="Default test" time="86.007" errors="0" timestamp="2026-03-08T03:08:44 GMT+07:00">
  <testcase classname="TestNG.Giao_Dien_Hoc_Vien" name="TC1" time="53.03"/>
  <testcase classname="TestNG.Giao_Dien_Hoc_Vien" name="TC2" time="2.634"/>
  <testcase classname="TestNG.Giao_Dien_Hoc_Vien" name="TC3" time="0.159"/>
  <testcase classname="TestNG.Giao_Dien_Hoc_Vien" name="TC4" time="1.0"/>
  <testcase classname="TestNG.Giao_Dien_Hoc_Vien" name="TC5" time="23.002"/>
</testsuite> <!-- Default test -->
